-------------------------------------------------------------------------------
Test set: lazarus.RunCucumberTest
-------------------------------------------------------------------------------
Tests run: 1, Failures: 1, Errors: 0, Skipped: 0, Time elapsed: 10.582 sec <<< FAILURE! - in lazarus.RunCucumberTest
Test web site(Test web site)  Time elapsed: 10.27 sec  <<< FAILURE!
org.junit.ComparisonFailure: expected:<Wikipedia[w]> but was:<Wikipedia[]>

