<?xml version="1.0" encoding="UTF-8"?>
<testsuite xmlns:xsi="http://www.w3.org/2001/XMLSchema-instance" xsi:schemaLocation="https://maven.apache.org/surefire/maven-surefire-plugin/xsd/surefire-test-report.xsd" name="lazarus.RunCucumberTest" time="4.436" tests="1" errors="1" skipped="0" failures="0">
  <properties>
[...]
</properties>
  <testcase name="Test status code" classname="Testing Status Code of the given url." time="4.274">
    <error message="Cannot parse object because no supported Content-Type was specified in response. Content-Type was &apos;text/html;charset=UTF-8&apos;." type="java.lang.IllegalStateException">java.lang.IllegalStateException: Cannot parse object because no supported Content-Type was specified in response. Content-Type was 'text/html;charset=UTF-8'.
</error>
    <system-out><![CDATA[2023-01-20 01:22:14 INFO  StepHelper:13 - Make call to: https://www.ti8m.com/de/career
2023-01-20 01:22:17 INFO  StepHelper:39 - ⛔ ############################## ⛔ 
2023-01-20 01:22:17 INFO  StepHelper:40 - Starting to finish the execution
2023-01-20 01:22:17 INFO  StepHelper:41 - ⛔ ############################## ⛔ 
2023-01-20 01:22:17 INFO  StepHelper:42 - Test completed starting closing the driver
2023-01-20 01:22:17 INFO  StepHelper:59 - Test completed.
]]></system-out>
    <system-err><![CDATA[Jan 20, 2023 1:22:12 AM io.cucumber.core.options.CucumberPropertiesParser parse
WARNING: Passing commandline options via the property `cucumber.options` has been deprecatedin favour of explicitly using property names.
Please use these instead: [cucumber.ansi-colors.disabled, cucumber.execution.dry-run, cucumber.execution.limit, cucumber.execution.order, cucumber.execution.strict, cucumber.execution.wip, cucumber.features, cucumber.filter.name, cucumber.filter.tags, cucumber.glue, cucumber.object-factory, cucumber.plugin, cucumber.snippet-type]
Jan 20, 2023 1:22:13 AM io.cucumber.core.options.CucumberPropertiesParser parse
WARNING: Passing commandline options via the property `cucumber.options` has been deprecatedin favour of explicitly using property names.
Please use these instead: [cucumber.ansi-colors.disabled, cucumber.execution.dry-run, cucumber.execution.limit, cucumber.execution.order, cucumber.execution.strict, cucumber.execution.wip, cucumber.features, cucumber.filter.name, cucumber.filter.tags, cucumber.glue, cucumber.object-factory, cucumber.plugin, cucumber.snippet-type]
]]></system-err>
  </testcase>
</testsuite>