<?xml version="1.0" encoding="UTF-8"?>
<testsuite xmlns:xsi="http://www.w3.org/2001/XMLSchema-instance" xsi:schemaLocation="https://maven.apache.org/surefire/maven-surefire-plugin/xsd/surefire-test-report.xsd" name="lazarus.RunCucumberTest" time="3.307" tests="4" errors="4" skipped="0" failures="0">
  <properties>
[...]
</properties>
  <testcase name="Test web site" classname="Testing Vacancies of the given page." time="1.946">
    <error message="Error forwarding the new session Empty pool of VM for setup Capabilities {browserName: chrome, goog:chromeOptions: {args: [test-type, --js-flags=--expose-gc, --enable-precise-memory-info, --disable-popup-blocking, --disable-default-apps, test-type=browser, --disable-notifications, window-size=1900,1084, start-maximized, --disable-infobars, --ignore-ssl-errors=yes, --ignore-certificate-errors], extensions: []}}&#10;Command duration or timeout: 328 milliseconds" type="org.openqa.selenium.WebDriverException">org.openqa.selenium.WebDriverException: 
Error forwarding the new session Empty pool of VM for setup Capabilities {browserName: chrome, goog:chromeOptions: {args: [test-type, --js-flags=--expose-gc, --enable-precise-memory-info, --disable-popup-blocking, --disable-default-apps, test-type=browser, --disable-notifications, window-size=1900,1084, start-maximized, --disable-infobars, --ignore-ssl-errors=yes, --ignore-certificate-errors], extensions: []}}
Command duration or timeout: 328 milliseconds
Caused by: org.openqa.selenium.WebDriverException: 
Error forwarding the new session Empty pool of VM for setup Capabilities {browserName: chrome, goog:chromeOptions: {args: [test-type, --js-flags=--expose-gc, --enable-precise-memory-info, --disable-popup-blocking, --disable-default-apps, test-type=browser, --disable-notifications, window-size=1900,1084, start-maximized, --disable-infobars, --ignore-ssl-errors=yes, --ignore-certificate-errors], extensions: []}}
Build info: version: '3.141.59', revision: 'e82be7d358', time: '2018-11-14T08:17:03'
System info: host: 'ZPRO-AlexanderW', ip: '10.205.161.178', os.name: 'Mac OS X', os.arch: 'x86_64', os.version: '13.1', java.version: '19.0.1'
Driver info: driver.version: unknown
</error>
    <system-out><![CDATA[2023-01-19 16:48:16 INFO  StepHelper:74 - ############ Opening a browser Chrome ############
2023-01-19 16:48:17 INFO  StepHelper:39 - ⛔ ############################## ⛔ 
2023-01-19 16:48:17 INFO  StepHelper:40 - Starting to finish the execution
2023-01-19 16:48:17 INFO  StepHelper:41 - ⛔ ############################## ⛔ 
2023-01-19 16:48:17 INFO  StepHelper:42 - Test completed starting closing the driver
2023-01-19 16:48:17 INFO  StepHelper:59 - Test completed.
]]></system-out>
    <system-err><![CDATA[Jan 19, 2023 4:48:15 PM io.cucumber.core.options.CucumberPropertiesParser parse
WARNING: Passing commandline options via the property `cucumber.options` has been deprecatedin favour of explicitly using property names.
Please use these instead: [cucumber.ansi-colors.disabled, cucumber.execution.dry-run, cucumber.execution.limit, cucumber.execution.order, cucumber.execution.strict, cucumber.execution.wip, cucumber.features, cucumber.filter.name, cucumber.filter.tags, cucumber.glue, cucumber.object-factory, cucumber.plugin, cucumber.snippet-type]
Jan 19, 2023 4:48:15 PM io.cucumber.core.options.CucumberPropertiesParser parse
WARNING: Passing commandline options via the property `cucumber.options` has been deprecatedin favour of explicitly using property names.
Please use these instead: [cucumber.ansi-colors.disabled, cucumber.execution.dry-run, cucumber.execution.limit, cucumber.execution.order, cucumber.execution.strict, cucumber.execution.wip, cucumber.features, cucumber.filter.name, cucumber.filter.tags, cucumber.glue, cucumber.object-factory, cucumber.plugin, cucumber.snippet-type]
]]></system-err>
  </testcase>
  <testcase name="Test web site" classname="Testing Vacancies of the given page." time="1.947">
    <error message="Cannot invoke &quot;org.openqa.selenium.TakesScreenshot.getScreenshotAs(org.openqa.selenium.OutputType)&quot; because &quot;lazarus.steps.StepDefinitions.driver&quot; is null" type="java.lang.NullPointerException">java.lang.NullPointerException: Cannot invoke "org.openqa.selenium.TakesScreenshot.getScreenshotAs(org.openqa.selenium.OutputType)" because "lazarus.steps.StepDefinitions.driver" is null
</error>
  </testcase>
  <testcase name="Test web site" classname="Testing Vacancies of the given page." time="1.078">
    <error message="Error forwarding the new session Empty pool of VM for setup Capabilities {browserName: chrome, goog:chromeOptions: {args: [test-type, --js-flags=--expose-gc, --enable-precise-memory-info, --disable-popup-blocking, --disable-default-apps, test-type=browser, --disable-notifications, window-size=1900,1084, start-maximized, --disable-infobars, --ignore-ssl-errors=yes, --ignore-certificate-errors], extensions: []}}&#10;Command duration or timeout: 36 milliseconds" type="org.openqa.selenium.WebDriverException">org.openqa.selenium.WebDriverException: 
Error forwarding the new session Empty pool of VM for setup Capabilities {browserName: chrome, goog:chromeOptions: {args: [test-type, --js-flags=--expose-gc, --enable-precise-memory-info, --disable-popup-blocking, --disable-default-apps, test-type=browser, --disable-notifications, window-size=1900,1084, start-maximized, --disable-infobars, --ignore-ssl-errors=yes, --ignore-certificate-errors], extensions: []}}
Command duration or timeout: 36 milliseconds
Caused by: org.openqa.selenium.WebDriverException: 
Error forwarding the new session Empty pool of VM for setup Capabilities {browserName: chrome, goog:chromeOptions: {args: [test-type, --js-flags=--expose-gc, --enable-precise-memory-info, --disable-popup-blocking, --disable-default-apps, test-type=browser, --disable-notifications, window-size=1900,1084, start-maximized, --disable-infobars, --ignore-ssl-errors=yes, --ignore-certificate-errors], extensions: []}}
Build info: version: '3.141.59', revision: 'e82be7d358', time: '2018-11-14T08:17:03'
System info: host: 'ZPRO-AlexanderW', ip: '10.205.161.178', os.name: 'Mac OS X', os.arch: 'x86_64', os.version: '13.1', java.version: '19.0.1'
Driver info: driver.version: unknown
</error>
    <system-out><![CDATA[2023-01-19 16:48:17 INFO  StepHelper:74 - ############ Opening a browser Chrome ############
2023-01-19 16:48:18 INFO  StepHelper:39 - ⛔ ############################## ⛔ 
2023-01-19 16:48:18 INFO  StepHelper:40 - Starting to finish the execution
2023-01-19 16:48:18 INFO  StepHelper:41 - ⛔ ############################## ⛔ 
2023-01-19 16:48:18 INFO  StepHelper:42 - Test completed starting closing the driver
2023-01-19 16:48:18 INFO  StepHelper:59 - Test completed.
]]></system-out>
  </testcase>
  <testcase name="Test web site" classname="Testing Vacancies of the given page." time="1.078">
    <error message="Cannot invoke &quot;org.openqa.selenium.TakesScreenshot.getScreenshotAs(org.openqa.selenium.OutputType)&quot; because &quot;lazarus.steps.StepDefinitions.driver&quot; is null" type="java.lang.NullPointerException">java.lang.NullPointerException: Cannot invoke "org.openqa.selenium.TakesScreenshot.getScreenshotAs(org.openqa.selenium.OutputType)" because "lazarus.steps.StepDefinitions.driver" is null
</error>
  </testcase>
</testsuite>