<?xml version="1.0" encoding="UTF-8" standalone="no"?>
<testsuite errors="0" failures="0" name="io.cucumber.core.plugin.JUnitFormatter" skipped="0" tests="1" time="5.55">
    <testcase classname="Testing Status Code of the given url." name="Test status code" time="5.402">
        <system-out><![CDATA[Given I start new session...................................................passed
When I do call using url "https://www.ti8m.com/de/career"...................passed
Then I check status code "200"..............................................passed
]]></system-out>
    </testcase>
</testsuite>
