<?xml version="1.0" encoding="UTF-8" standalone="no"?>
<testsuite errors="0" failures="0" name="io.cucumber.core.plugin.JUnitFormatter" skipped="0" tests="1" time="18.348">
    <testcase classname="Testing availability of Open positions" name="Test career availability" time="18.199">
        <system-out><![CDATA[Given I am using the browser Chrome.........................................passed
When I go to the web page "https://www.ti8m.com/de/career"..................passed
And I check the status code of the server "200".............................passed
And I accept cookies........................................................passed
Then I check the title Offene Stellen "Offene Stellen"......................passed
]]></system-out>
    </testcase>
</testsuite>
