<?xml version="1.0" encoding="UTF-8" standalone="no"?>
<testsuite errors="0" failures="0" name="io.cucumber.core.plugin.JUnitFormatter" skipped="0" tests="2" time="29.481">
    <testcase classname="Testing Vacancies of the given page." name="Test web site" time="15.413">
        <system-out><![CDATA[Given I am using the browser Chrome.........................................passed
When I go to the web page "https://www.ti8m.com/de/career"..................passed
And I accept cookies........................................................passed
Then I check the search for the word "Engineer".............................passed
]]></system-out>
    </testcase>
    <testcase classname="Testing Vacancies of the given page." name="Test web site 2" time="13.893">
        <system-out><![CDATA[Given I am using the browser Chrome.........................................passed
When I go to the web page "https://www.ti8m.com/de/career"..................passed
And I accept cookies........................................................passed
Then I check the search for the word "Agile"................................passed
]]></system-out>
    </testcase>
</testsuite>
