<?xml version="1.0" encoding="UTF-8" standalone="no"?>
<testsuite errors="0" failures="2" name="io.cucumber.core.plugin.JUnitFormatter" skipped="0" tests="2" time="15.984">
<testcase classname="Test web site" name="Test web site" time="10.657">
<failure message="expected:&lt;Wikipedia[w]&gt; but was:&lt;Wikipedia[]&gt;" type="org.junit.ComparisonFailure"><![CDATA[Given I am using the browser Chrome.........................................passed
And I go to the main web page "https://en.wikipedia.org/wiki/Main_Page".....passed
Then I start to check that in right top corner I have text "Welcome to" and link title "Wikipedia".failed

StackTrace:
org.junit.ComparisonFailure: expected:<Wikipedia[w]> but was:<Wikipedia[]>
	at org.junit.Assert.assertEquals(Assert.java:117)
	at org.junit.Assert.assertEquals(Assert.java:146)
	at lazarus.steps.web.wiki.Steps.iStartToCheckThatInRightTopCornerIHaveTextAndLinkTitle(Steps.java:28)
	at âœ½.I start to check that in right top corner I have text "Welcome to" and link title "Wikipedia"(file:///Users/wahl/Desktop/testing/lazarus/src/test/resources/features/Test.feature:7)
]]></failure>
</testcase>
<testcase classname="Test web site" name="Test web site" time="5.147">
<failure message="The scenario has pending or undefined step(s)" type="java.lang.Exception"><![CDATA[Given I am using the browser Chrome.........................................passed
And I go to the main "https://en.wikipedia.org/wiki/Main_Page"..............undefined
]]></failure>
</testcase>
</testsuite>
